{"level":"error","message":"Error al crear el usuario: Validation error"}
{"level":"error","message":"Credenciales inválidas o usuario inactivo"}
{"level":"error","message":"Error al iniciar sesión: secretOrPrivateKey must have a value"}
{"level":"error","message":"Error al iniciar sesión: secretOrPrivateKey must have a value"}
{"level":"error","message":"Error al iniciar sesión: secretOrPrivateKey must have a value"}
{"level":"error","message":"Error al iniciar sesión: secretOrPrivateKey must have a value"}
{"level":"error","message":"Error al iniciar sesión: secretOrPrivateKey must have a value"}
{"level":"error","message":"Error al iniciar sesión: secretOrPrivateKey must have a value"}
{"level":"error","message":"No hay token en la cabecera"}
{"level":"error","message":"Venta no encontrada"}
{"level":"error","message":"Venta no encontrada"}
{"level":"error","message":"Venta no encontrada"}
{"level":"error","message":"Venta no encontrada"}
{"level":"error","message":"Venta no encontrada"}
{"level":"error","message":"Venta no encontrada"}
{"level":"error","message":"No hay token en la cabecera"}
{"level":"error","message":"No hay token en la cabecera"}
{"level":"error","message":"Error al crear solicitud de adopción: Error al crear adopción: Usuario inactivo, no puede crear solicitudes de adopción"}
{"level":"error","message":"Error al crear solicitud de adopción: Error al crear adopción: Mascota no disponible para adopción"}
{"level":"error","message":"Error al obtener categorias del producto: Producto no encontrado"}
{"level":"error","message":"Error al obtener categorias del producto: Producto no encontrado"}
{"level":"error","message":"Error al obtener categorias del producto: Producto no encontrado"}
{"level":"error","message":"Error al obtener categorias del producto: Producto no encontrado"}
{"level":"error","message":"Error al obtener categorias del producto: Producto no encontrado"}
{"level":"error","message":"Error al obtener categorias del producto: Producto no encontrado"}
{"level":"error","message":"Error al obtener categorias del producto: Producto no encontrado"}
{"level":"error","message":"Producto no encontrado."}
{"level":"error","message":"Producto no encontrado."}
{"level":"error","message":"Producto no encontrado."}
{"level":"error","message":"Producto no encontrado."}
{"level":"error","message":"Producto no encontrado."}
{"level":"error","message":"Producto no encontrado."}
{"level":"error","message":"Producto no encontrado."}
{"level":"error","message":"No hay token en la cabecera"}
{"level":"error","message":"No hay token en la cabecera"}
{"level":"error","message":"Los campos nombre, correo y teléfono son obligatorios."}
{"level":"error","message":"Los campos nombre, correo y teléfono son obligatorios."}
{"level":"error","message":"Los campos nombre, correo y teléfono son obligatorios."}
{"level":"error","message":"Credenciales inválidas o usuario inactivo"}
{"level":"error","message":"Error al obtener mascotas del centro: Error al obtener mascotas: WHERE parameter \"idCentroAdopcion\" has invalid \"undefined\" value"}
{"level":"error","message":"Error al obtener mascotas del centro: Error al obtener mascotas: WHERE parameter \"idCentroAdopcion\" has invalid \"undefined\" value"}
{"level":"error","message":"Error al obtener adopciones del usuario: Error al obtener adopciones: WHERE parameter \"idUsuario\" has invalid \"undefined\" value"}
{"level":"error","message":"Error al crear solicitud de adopción: Error al crear adopción: Mascota no disponible para adopción"}
{"level":"error","message":"No hay token en la cabecera"}
{"level":"error","message":"Error al eliminar producto: Cannot delete or update a parent row: a foreign key constraint fails (`pawtitas`.`ventaitems`, CONSTRAINT `ventaitems_ibfk_2` FOREIGN KEY (`productoId`) REFERENCES `productos` (`id`) ON DELETE RESTRICT ON UPDATE CASCADE)"}
{"level":"error","message":"Error al eliminar producto: Cannot delete or update a parent row: a foreign key constraint fails (`pawtitas`.`ventaitems`, CONSTRAINT `ventaitems_ibfk_2` FOREIGN KEY (`productoId`) REFERENCES `productos` (`id`) ON DELETE RESTRICT ON UPDATE CASCADE)"}
{"level":"error","message":"Error al eliminar producto: Cannot delete or update a parent row: a foreign key constraint fails (`pawtitas`.`ventaitems`, CONSTRAINT `ventaitems_ibfk_2` FOREIGN KEY (`productoId`) REFERENCES `productos` (`id`) ON DELETE RESTRICT ON UPDATE CASCADE)"}
{"level":"error","message":"Error al eliminar producto: Cannot delete or update a parent row: a foreign key constraint fails (`pawtitas`.`ventaitems`, CONSTRAINT `ventaitems_ibfk_2` FOREIGN KEY (`productoId`) REFERENCES `productos` (`id`) ON DELETE RESTRICT ON UPDATE CASCADE)"}
{"level":"error","message":"Error al eliminar producto: Cannot delete or update a parent row: a foreign key constraint fails (`pawtitas`.`ventaitems`, CONSTRAINT `ventaitems_ibfk_2` FOREIGN KEY (`productoId`) REFERENCES `productos` (`id`) ON DELETE RESTRICT ON UPDATE CASCADE)"}
{"level":"error","message":"Error al eliminar producto: Cannot delete or update a parent row: a foreign key constraint fails (`pawtitas`.`ventaitems`, CONSTRAINT `ventaitems_ibfk_2` FOREIGN KEY (`productoId`) REFERENCES `productos` (`id`) ON DELETE RESTRICT ON UPDATE CASCADE)"}
{"level":"error","message":"Error al eliminar producto: Cannot delete or update a parent row: a foreign key constraint fails (`pawtitas`.`ventaitems`, CONSTRAINT `ventaitems_ibfk_2` FOREIGN KEY (`productoId`) REFERENCES `productos` (`id`) ON DELETE RESTRICT ON UPDATE CASCADE)"}
{"level":"error","message":"No se puede eliminar el producto porque tiene ventas asociadas"}
{"level":"error","message":"No se puede eliminar el producto porque tiene ventas asociadas"}
{"level":"error","message":"No se puede eliminar el producto porque tiene ventas asociadas"}
{"level":"error","message":"No se puede eliminar el producto porque tiene ventas asociadas"}
{"level":"error","message":"request entity too large"}
{"level":"error","message":"request entity too large"}
{"level":"error","message":"request entity too large"}
{"level":"error","message":"request entity too large"}
{"level":"error","message":"request entity too large"}
{"level":"error","message":"request entity too large"}
{"level":"error","message":"request entity too large"}
{"level":"error","message":"Credenciales inválidas o usuario inactivo"}
